<?xml version="1.0" encoding="UTF-8"?>
<!-- Generated by org.testng.reporters.JUnitXMLReporter -->
<testsuite hostname="DESKTOP-F0VBBVD" name="Test" tests="3" failures="2" timestamp="10 Jun 2018 04:49:12 GMT" time="49.515" errors="0">
  <testcase name="LoginTestCase" time="10.131" classname="com.facebook.TestCases.LoginTest"/>
  <testcase name="LoginTestCase" time="19.728" classname="com.facebook.TestCases.LoginTest">
    <failure type="java.lang.AssertionError" message="Login failed expected [true] but found [false]">
      <![CDATA[java.lang.AssertionError: Login failed expected [true] but found [false]
	at com.facebook.TestCases.LoginTest.LoginTestCase(LoginTest.java:23)
... Removed 27 stack frames]]>
    </failure>
  </testcase> <!-- LoginTestCase -->
  <testcase name="LoginTestCase" time="18.647" classname="com.facebook.TestCases.LoginTest">
    <failure type="java.lang.AssertionError" message="Login failed expected [true] but found [false]">
      <![CDATA[java.lang.AssertionError: Login failed expected [true] but found [false]
	at com.facebook.TestCases.LoginTest.LoginTestCase(LoginTest.java:23)
... Removed 27 stack frames]]>
    </failure>
  </testcase> <!-- LoginTestCase -->
</testsuite> <!-- Test -->
